<?xml version="1.0" encoding="UTF-8"?>
<!-- Generated by org.testng.reporters.JUnitReportReporter -->
<testsuite hostname="DatBOI" failures="0" tests="5" name="com.tutorialsninja.qa.testcases.RegisterTest" time="46.057" errors="0" timestamp="2023-09-02T17:17:14 EDT" skipped="0">
  <testcase classname="com.tutorialsninja.qa.testcases.RegisterTest" name="registerAccountWithMandatoryFields" time="9.827"/>
  <testcase classname="com.tutorialsninja.qa.testcases.RegisterTest" name="registerAccountWithExistingEmailID" time="9.791"/>
  <testcase classname="com.tutorialsninja.qa.testcases.RegisterTest" name="registerAccountWithAllFields" time="9.360"/>
  <testcase classname="com.tutorialsninja.qa.testcases.RegisterTest" name="registerWithoutFillingAnyFields" time="9.737"/>
  <testcase classname="com.tutorialsninja.qa.testcases.RegisterTest" name="registerAccountWithOutOfBoundsCharacters" time="7.342"/>
</testsuite> <!-- com.tutorialsninja.qa.testcases.RegisterTest -->
