<?xml version="1.0" encoding="UTF-8"?>
<!-- Generated by org.testng.reporters.JUnitReportReporter -->
<testsuite hostname="DatBOI" failures="0" tests="3" name="com.tutorialsninja.qa.testcases.SearchProductTest" time="23.122" errors="0" timestamp="2023-08-30T18:25:00 EDT" skipped="0">
  <testcase classname="com.tutorialsninja.qa.testcases.SearchProductTest" name="searchWithValidProductName" time="8.080"/>
  <testcase classname="com.tutorialsninja.qa.testcases.SearchProductTest" name="searchWithInvalidProductName" time="7.264"/>
  <testcase classname="com.tutorialsninja.qa.testcases.SearchProductTest" name="searchWithNoProduct" time="7.778"/>
</testsuite> <!-- com.tutorialsninja.qa.testcases.SearchProductTest -->
