<?xml version="1.0" encoding="UTF-8"?>
<!-- Generated by org.testng.reporters.JUnitReportReporter -->
<testsuite hostname="DatBOI" failures="0" tests="5" name="com.tutorialsninja.qa.testcases.LoginTest" time="52.211" errors="0" timestamp="2023-08-30T18:24:59 EDT" skipped="0">
  <testcase classname="com.tutorialsninja.qa.testcases.LoginTest" name="verifyLoginWithValidCredentials" time="11.063"/>
  <testcase classname="com.tutorialsninja.qa.testcases.LoginTest" name="verifyLoginWithInvalidCredentials" time="15.270"/>
  <testcase classname="com.tutorialsninja.qa.testcases.LoginTest" name="verifyLoginWithValidUserAndInValidPassword" time="8.711"/>
  <testcase classname="com.tutorialsninja.qa.testcases.LoginTest" name="verifyLoginWithValidPasswordAndInvalidUserName" time="8.627"/>
  <testcase classname="com.tutorialsninja.qa.testcases.LoginTest" name="verifyLoginWithNoCredentials" time="8.540"/>
</testsuite> <!-- com.tutorialsninja.qa.testcases.LoginTest -->
