<?xml version="1.0" encoding="UTF-8"?>
<!-- Generated by org.testng.reporters.JUnitReportReporter -->
<testsuite hostname="DatBOI" failures="0" tests="5" name="com.tutorialsninja.qa.testcases.RegisterTest" time="45.611" errors="0" timestamp="2023-09-02T17:29:27 EDT" skipped="0">
  <testcase classname="com.tutorialsninja.qa.testcases.RegisterTest" name="registerAccountWithMandatoryFields" time="9.911"/>
  <system-out/>
  <testcase classname="com.tutorialsninja.qa.testcases.RegisterTest" name="registerAccountWithExistingEmailID" time="8.864"/>
  <system-out/>
  <testcase classname="com.tutorialsninja.qa.testcases.RegisterTest" name="registerAccountWithAllFields" time="9.486"/>
  <system-out/>
  <testcase classname="com.tutorialsninja.qa.testcases.RegisterTest" name="registerWithoutFillingAnyFields" time="9.941"/>
  <system-out/>
  <testcase classname="com.tutorialsninja.qa.testcases.RegisterTest" name="registerAccountWithOutOfBoundsCharacters" time="7.409"/>
  <system-out/>
</testsuite> <!-- com.tutorialsninja.qa.testcases.RegisterTest -->
